This is pdfTeXk, Version 3.1415926-1.40.9 (Web2C 7.5.7) (format=pdflatex 2009.2.13)  17 FEB 2009 08:59
entering extended mode
\write18 enabled.
 %&-line parsing enabled.
**thesis.tex
(./thesis.tex
LaTeX2e <2005/12/01>
Babel <v3.8l> and hyphenation patterns for english, usenglishmax, dumylang, noh
yphenation, german-x-2008-06-18, ngerman-x-2008-06-18, ancientgreek, ibycus, ar
abic, basque, bulgarian, catalan, pinyin, coptic, croatian, czech, danish, dutc
h, esperanto, estonian, farsi, finnish, french, galician, german, ngerman, mono
greek, greek, hungarian, icelandic, indonesian, interlingua, irish, italian, la
tin, lithuanian, mongolian, mongolian2a, bokmal, nynorsk, polish, portuguese, r
omanian, russian, sanskrit, serbian, slovak, slovenian, spanish, swedish, turki
sh, ukenglish, ukrainian, uppersorbian, welsh, loaded.
(./Latex/Classes/PhDthesisPSnPDF.cls
Document Class: Latex/Classes/PhDthesisPSnPDF 2007/09/06 v2 PhD thesis class
(/usr/local/texlive/2008/texmf-dist/tex/latex/base/book.cls
Document Class: book 2005/09/16 v1.4f Standard LaTeX document class
(/usr/local/texlive/2008/texmf-dist/tex/latex/base/bk11.clo
File: bk11.clo 2005/09/16 v1.4f Standard LaTeX file (size option)
)
\c@part=\count79
\c@chapter=\count80
\c@section=\count81
\c@subsection=\count82
\c@subsubsection=\count83
\c@paragraph=\count84
\c@subparagraph=\count85
\c@figure=\count86
\c@table=\count87
\abovecaptionskip=\skip41
\belowcaptionskip=\skip42
\bibindent=\dimen102
)
(/usr/local/texlive/2008/texmf-dist/tex/latex/amsfonts/amssymb.sty
Package: amssymb 2002/01/22 v2.2d

(/usr/local/texlive/2008/texmf-dist/tex/latex/amsfonts/amsfonts.sty
Package: amsfonts 2001/10/25 v2.2f
\@emptytoks=\toks14
\symAMSa=\mathgroup4
\symAMSb=\mathgroup5
LaTeX Font Info:    Overwriting math alphabet `\mathfrak' in version `bold'
(Font)                  U/euf/m/n --> U/euf/b/n on input line 132.
))
(/usr/local/texlive/2008/texmf-dist/tex/latex/graphics/graphics.sty
Package: graphics 2006/02/20 v1.0o Standard LaTeX Graphics (DPC,SPQR)

(/usr/local/texlive/2008/texmf-dist/tex/latex/graphics/trig.sty
Package: trig 1999/03/16 v1.09 sin cos tan (DPC)
)
(/usr/local/texlive/2008/texmf/tex/latex/config/graphics.cfg
File: graphics.cfg 2007/01/18 v1.5 graphics configuration of teTeX/TeXLive
)
Package graphics Info: Driver file: pdftex.def on input line 90.

(/usr/local/texlive/2008/texmf-dist/tex/latex/pdftex-def/pdftex.def
File: pdftex.def 2008/09/08 v0.04l Graphics/color for pdfTeX
\Gread@gobject=\count88
))
(/usr/local/texlive/2008/texmf-dist/tex/latex/caption/caption.sty
Package: caption 2008/08/24 v3.1j Customizing captions (AR)

(/usr/local/texlive/2008/texmf-dist/tex/latex/caption/caption3.sty
Package: caption3 2008/08/24 v3.1j caption3 kernel (AR)

(/usr/local/texlive/2008/texmf-dist/tex/latex/graphics/keyval.sty
Package: keyval 1999/03/16 v1.13 key=value parser (DPC)
\KV@toks@=\toks15
)
\captionmargin=\dimen103
\captionmargin@=\dimen104
\captionwidth=\dimen105
\caption@indent=\dimen106
\caption@parindent=\dimen107
\caption@hangindent=\dimen108
)
\c@ContinuedFloat=\count89
)
(/usr/local/texlive/2008/texmf-dist/tex/latex/fancyhdr/fancyhdr.sty
\fancy@headwidth=\skip43
\f@ncyO@elh=\skip44
\f@ncyO@erh=\skip45
\f@ncyO@olh=\skip46
\f@ncyO@orh=\skip47
\f@ncyO@elf=\skip48
\f@ncyO@erf=\skip49
\f@ncyO@olf=\skip50
\f@ncyO@orf=\skip51
)
(/usr/local/texlive/2008/texmf-dist/tex/latex/amsfonts/eucal.sty
Package: eucal 2001/10/01 v2.2d Euler Script fonts
LaTeX Font Info:    Overwriting math alphabet `\EuScript' in version `bold'
(Font)                  U/eus/m/n --> U/eus/b/n on input line 55.
)
(/usr/local/texlive/2008/texmf-dist/tex/generic/babel/babel.sty
Package: babel 2008/07/06 v3.8l The Babel package

(/usr/local/texlive/2008/texmf-dist/tex/generic/babel/english.ldf
Language: english 2005/03/30 v3.3o English support from the babel system

(/usr/local/texlive/2008/texmf-dist/tex/generic/babel/babel.def
File: babel.def 2008/07/06 v3.8l Babel common definitions
\babel@savecnt=\count90
\U@D=\dimen109
)
\l@canadian = a dialect from \language\l@american 
\l@australian = a dialect from \language\l@british 
\l@newzealand = a dialect from \language\l@british 
))
(/usr/local/texlive/2008/texmf-dist/tex/latex/graphics/color.sty
Package: color 2005/11/14 v1.0j Standard LaTeX Color (DPC)

(/usr/local/texlive/2008/texmf/tex/latex/config/color.cfg
File: color.cfg 2007/01/18 v1.5 color configuration of teTeX/TeXLive
)
Package color Info: Driver file: pdftex.def on input line 130.

(/usr/local/texlive/2008/texmf-dist/tex/latex/graphics/dvipsnam.def
File: dvipsnam.def 1999/02/16 v3.0i Driver-dependant file (DPC,SPQR)
))
(/usr/local/texlive/2008/texmf-dist/tex/latex/footmisc/footmisc.sty
Package: footmisc 2007/06/12 v5.4a a miscellany of footnote facilities
\FN@temptoken=\toks16
\footnotemargin=\dimen110
\c@pp@next@reset=\count91
\c@@fnserial=\count92
Package footmisc Info: Declaring symbol style bringhurst on input line 910.
Package footmisc Info: Declaring symbol style chicago on input line 918.
Package footmisc Info: Declaring symbol style wiley on input line 927.
Package footmisc Info: Declaring symbol style lamport-robust on input line 938.

Package footmisc Info: Declaring symbol style lamport* on input line 958.
Package footmisc Info: Declaring symbol style lamport*-robust on input line 979
.
)
(/usr/local/texlive/2008/texmf-dist/tex/latex/natbib/natbib.sty
Package: natbib 2009/02/02 8.3 (PWD, AO)
\bibhang=\skip52
\bibsep=\skip53
LaTeX Info: Redefining \cite on input line 694.
\c@NAT@ctr=\count93
)
(/usr/local/texlive/2008/texmf-dist/tex/latex/base/ifthen.sty
Package: ifthen 2001/05/26 v1.1c Standard LaTeX ifthen package (DPC)
)
(/usr/local/texlive/2008/texmf-dist/tex/latex/tools/multicol.sty
Package: multicol 2006/05/18 v1.6g multicolumn formatting (FMi)
\c@tracingmulticols=\count94
\mult@box=\box26
\multicol@leftmargin=\dimen111
\c@unbalance=\count95
\c@collectmore=\count96
\doublecol@number=\count97
\multicoltolerance=\count98
\multicolpretolerance=\count99
\full@width=\dimen112
\page@free=\dimen113
\premulticols=\dimen114
\postmulticols=\dimen115
\multicolsep=\skip54
\multicolbaselineskip=\skip55
\partial@page=\box27
\last@line=\box28
\mult@rightbox=\box29
\mult@grightbox=\box30
\mult@gfirstbox=\box31
\mult@firstbox=\box32
\@tempa=\box33
\@tempa=\box34
\@tempa=\box35
\@tempa=\box36
\@tempa=\box37
\@tempa=\box38
\@tempa=\box39
\@tempa=\box40
\@tempa=\box41
\@tempa=\box42
\@tempa=\box43
\@tempa=\box44
\@tempa=\box45
\@tempa=\box46
\@tempa=\box47
\@tempa=\box48
\@tempa=\box49
\c@columnbadness=\count100
\c@finalcolumnbadness=\count101
\last@try=\dimen116
\multicolovershoot=\dimen117
\multicolundershoot=\dimen118
\mult@nat@firstbox=\box50
\colbreak@box=\box51
)
(/usr/local/texlive/2008/texmf-dist/tex/latex/tocbibind/tocbibind.sty
Package: tocbibind 2003/03/13 v1.5g extra ToC listings


Package tocbibind Note: The document has chapter divisions.


Package tocbibind Note: Using chapter style headings, unless overridden.

) (/usr/local/texlive/2008/texmf-dist/tex/latex/nomencl/nomencl.sty
Package: nomencl 2005/09/22 v4.2 Nomenclature package (LN)
\nomlabelwidth=\dimen119
\nom@tempdim=\dimen120
\nomitemsep=\skip56
)
\@nomenclaturefile=\write3
\openout3 = `thesis.nlo'.


Writing nomenclature file thesis.nlo
(/usr/local/texlive/2008/texmf-dist/tex/generic/oberdiek/ifpdf.sty
Package: ifpdf 2007/12/12 v1.6 Provides the ifpdf switch (HO)
Package ifpdf Info: pdfTeX in pdf mode detected.
)
(/usr/local/texlive/2008/texmf-dist/tex/latex/hyperref/hyperref.sty
Package: hyperref 2009/02/02 v6.78o Hypertext links for LaTeX

(/usr/local/texlive/2008/texmf-dist/tex/generic/oberdiek/ifvtex.sty
Package: ifvtex 2008/11/04 v1.4 Switches for detecting VTeX and its modes (HO)
Package ifvtex Info: VTeX not detected.
)
(/usr/local/texlive/2008/texmf-dist/tex/generic/ifxetex/ifxetex.sty
Package: ifxetex 2009/01/23 v0.5 Provides ifxetex conditional
)
(/usr/local/texlive/2008/texmf-dist/tex/latex/oberdiek/hycolor.sty
Package: hycolor 2008/09/08 v1.4 Code for color options of hyperref/bookmark (H
O)

(/usr/local/texlive/2008/texmf-dist/tex/latex/oberdiek/xcolor-patch.sty
Package: xcolor-patch 2008/09/08 xcolor patch
))
\@linkdim=\dimen121
\Hy@linkcounter=\count102
\Hy@pagecounter=\count103

(/usr/local/texlive/2008/texmf-dist/tex/latex/hyperref/pd1enc.def
File: pd1enc.def 2009/02/02 v6.78o Hyperref: PDFDocEncoding definition (HO)
)
(/usr/local/texlive/2008/texmf-dist/tex/generic/oberdiek/etexcmds.sty
Package: etexcmds 2007/12/12 v1.2 Prefix for e-TeX command names (HO)

(/usr/local/texlive/2008/texmf-dist/tex/generic/oberdiek/infwarerr.sty
Package: infwarerr 2007/09/09 v1.2 Providing info/warning/message (HO)
)
Package etexcmds Info: Could not find \expanded.
(etexcmds)             That can mean that you are not using pdfTeX 1.50 or
(etexcmds)             that some package has redefined \expanded.
(etexcmds)             In the latter case, load this package earlier.
)
(/usr/local/texlive/2008/texmf/tex/latex/config/hyperref.cfg
File: hyperref.cfg 2002/06/06 v1.2 hyperref configuration of TeXLive
)
(/usr/local/texlive/2008/texmf-dist/tex/latex/oberdiek/kvoptions.sty
Package: kvoptions 2007/10/18 v3.0 Keyval support for LaTeX options (HO)
)
Package hyperref Info: Option `plainpages' set `false' on input line 2824.
Package hyperref Info: Option `pdfpagelabels' set `true' on input line 2824.


Package hyperref Warning: Values of option `pdfpagelayout':
(hyperref)                * `SinglePage'
(hyperref)                * `OneColumn'
(hyperref)                * `TwoColumnLeft'
(hyperref)                * `TwoColumnRight'
(hyperref)                * `TwoPageLeft' (PDF 1.5)
(hyperref)                * `TwoPageRight' (PDF 1.5)
(hyperref)                * An empty value disables the option.
(hyperref)                Unknown value `useoutlines' on input line 2824.

Package hyperref Info: Option `bookmarks' set `true' on input line 2824.
Package hyperref Info: Option `bookmarksopen' set `true' on input line 2824.
Package hyperref Info: Option `bookmarksnumbered' set `true' on input line 2824
.
Package hyperref Info: Option `breaklinks' set `true' on input line 2824.
Package hyperref Info: Option `linktocpage' set `true' on input line 2824.
Package hyperref Info: Option `colorlinks' set `false' on input line 2824.
Package hyperref Info: Option `hyperindex' set `true' on input line 2824.
Package hyperref Info: Option `hyperfigures' set `true' on input line 2824.
Package hyperref Info: Hyper figures ON on input line 2933.
Package hyperref Info: Link nesting OFF on input line 2940.
Package hyperref Info: Hyper index ON on input line 2943.
Package hyperref Info: Plain pages OFF on input line 2950.
Package hyperref Info: Backreferencing ON on input line 2953.
Implicit mode ON; LaTeX internals redefined
Package hyperref Info: Bookmarks ON on input line 3145.
(/usr/local/texlive/2008/texmf-dist/tex/latex/hyperref/backref.sty
Package: backref 2006/09/05 v1.28 Bibliographical back referencing
)
(/usr/local/texlive/2008/texmf-dist/tex/latex/ltxmisc/url.sty
\Urlmuskip=\muskip10
Package: url 2006/04/12  ver 3.3  Verb mode for urls, etc.
)
LaTeX Info: Redefining \url on input line 3382.

(/usr/local/texlive/2008/texmf-dist/tex/generic/oberdiek/bitset.sty
Package: bitset 2007/09/28 v1.0 Data type bit set (HO)

(/usr/local/texlive/2008/texmf-dist/tex/generic/oberdiek/intcalc.sty
Package: intcalc 2007/09/27 v1.1 Expandable integer calculations (HO)
)
(/usr/local/texlive/2008/texmf-dist/tex/generic/oberdiek/bigintcalc.sty
Package: bigintcalc 2007/11/11 v1.1 Expandable big integer calculations (HO)

(/usr/local/texlive/2008/texmf-dist/tex/generic/oberdiek/pdftexcmds.sty
Package: pdftexcmds 2007/12/12 v0.3 LuaTeX support for pdfTeX utility functions
 (HO)
Package pdftexcmds Info: LuaTeX not detected on input line 139.
)))
(/usr/local/texlive/2008/texmf-dist/tex/generic/oberdiek/kvsetkeys.sty
Package: kvsetkeys 2007/09/29 v1.3 Key value parser with default handler suppor
t (HO)
)
\Fld@menulength=\count104
\Field@Width=\dimen122
\Fld@charsize=\dimen123
\Field@toks=\toks17
Package hyperref Info: Hyper figures ON on input line 4297.
Package hyperref Info: Link nesting OFF on input line 4304.
Package hyperref Info: Hyper index ON on input line 4307.
Package hyperref Info: backreferencing ON on input line 4312.
Package hyperref Info: Link coloring OFF on input line 4319.
Package hyperref Info: Link coloring with OCG OFF on input line 4324.
Package hyperref Info: PDF/A mode OFF on input line 4329.

(/usr/local/texlive/2008/texmf-dist/tex/generic/oberdiek/atbegshi.sty
Package: atbegshi 2008/07/31 v1.9 At begin shipout hook (HO)
)
\Hy@abspage=\count105
\c@Item=\count106
\c@Hfootnote=\count107
)
*hyperref using driver hpdftex*
(/usr/local/texlive/2008/texmf-dist/tex/latex/hyperref/hpdftex.def
File: hpdftex.def 2009/02/02 v6.78o Hyperref driver for pdfTeX
\Fld@listcount=\count108
)
(/usr/local/texlive/2008/texmf-dist/tex/latex/graphics/graphicx.sty
Package: graphicx 1999/02/16 v1.0f Enhanced LaTeX Graphics (DPC,SPQR)
\Gin@req@height=\dimen124
\Gin@req@width=\dimen125
))
\@input{Latex/Macros/MacroFile1.aux}
\openout2 = `Latex/Macros/MacroFile1.aux'.

(./Latex/Macros/MacroFile1.tex) (./thesis.aux (./0_frontmatter/abstract.aux)
(./0_frontmatter/dedication.aux) (./0_frontmatter/acknowledgement.aux)
(./0_frontmatter/glossary.aux) (./1_introduction/introduction.aux

LaTeX Warning: Label `largepotato' multiply defined.

) (./2/aims.aux) (./3/XYZ.aux) (./4/XYZ.aux) (./5/XYZ.aux) (./6/XYZ.aux)
(./7/discussion.aux) (./8/materials_methods.aux)
(./9_backmatter/declaration.aux))
\openout1 = `thesis.aux'.

LaTeX Font Info:    Checking defaults for OML/cmm/m/it on input line 90.
LaTeX Font Info:    ... okay on input line 90.
LaTeX Font Info:    Checking defaults for T1/cmr/m/n on input line 90.
LaTeX Font Info:    ... okay on input line 90.
LaTeX Font Info:    Checking defaults for OT1/cmr/m/n on input line 90.
LaTeX Font Info:    ... okay on input line 90.
LaTeX Font Info:    Checking defaults for OMS/cmsy/m/n on input line 90.
LaTeX Font Info:    ... okay on input line 90.
LaTeX Font Info:    Checking defaults for OMX/cmex/m/n on input line 90.
LaTeX Font Info:    ... okay on input line 90.
LaTeX Font Info:    Checking defaults for U/cmr/m/n on input line 90.
LaTeX Font Info:    ... okay on input line 90.
LaTeX Font Info:    Checking defaults for PD1/pdf/m/n on input line 90.
LaTeX Font Info:    ... okay on input line 90.

(/usr/local/texlive/2008/texmf-dist/tex/context/base/supp-pdf.tex
[Loading MPS to PDF converter (version 2006.09.02).]
\scratchcounter=\count109
\scratchdimen=\dimen126
\scratchbox=\box52
\nofMPsegments=\count110
\nofMParguments=\count111
\everyMPshowfont=\toks18
\MPscratchCnt=\count112
\MPscratchDim=\dimen127
\MPnumerator=\count113
\everyMPtoPDFconversion=\toks19
)
Package caption Info: Begin \AtBeginDocument code.
Package caption Info: hyperref package is loaded.
Package caption Info: End \AtBeginDocument code.
Package hyperref Info: Link coloring OFF on input line 90.
 (/usr/local/texlive/2008/texmf-dist/tex/latex/hyperref/nameref.sty
Package: nameref 2007/05/29 v2.31 Cross-referencing by name of section

(/usr/local/texlive/2008/texmf-dist/tex/latex/oberdiek/refcount.sty
Package: refcount 2008/08/11 v3.1 Data extraction from references (HO)
)
\c@section@level=\count114
)
LaTeX Info: Redefining \ref on input line 90.
LaTeX Info: Redefining \pageref on input line 90.

(./thesis.out) (./thesis.out)
\@outlinefile=\write4
\openout4 = `thesis.out'.

Package backref Info: ** backref set up for natbib ** on input line 90.
\AtBeginShipoutBox=\box53

<0_frontmatter/figures/logo.png, id=54, 301.125pt x 129.48375pt>
File: 0_frontmatter/figures/logo.png Graphic file (type png)

<use 0_frontmatter/figures/logo.png> [1



\FN@pp@footnotehinttrue 

{/usr/local/texlive/2008/texmf-var/fonts/map/pdftex/updmap/pdftex.map} <./0_fro
ntmatter/figures/logo.png>] [2]
\openout2 = `0_frontmatter/abstract.aux'.

 (./0_frontmatter/abstract.tex [3

]) [4
\FN@pp@footnotehinttrue 


]
\openout2 = `0_frontmatter/dedication.aux'.

 (./0_frontmatter/dedication.texpdfTeX warning (ext4): destination with the sam
e identifier (name{page.i}) has been already used, duplicate ignored
<to be read again> 
                   \relax 
l.7 \end{dedication}
                     [1

])
\openout2 = `0_frontmatter/acknowledgement.aux'.

 (./0_frontmatter/acknowledgement.texpdfTeX warning (ext4): destination with th
e same identifier (name{page.ii}) has been already used, duplicate ignored
<to be read again> 
                   \relax 
l.9 \end{acknowledgements}
                           [2


]) (./thesis.toc
LaTeX Font Info:    Try loading font information for U+msa on input line 6.

(/usr/local/texlive/2008/texmf-dist/tex/latex/amsfonts/umsa.fd
File: umsa.fd 2002/01/19 v2.2g AMS font definitions
)
LaTeX Font Info:    Try loading font information for U+msb on input line 6.

(/usr/local/texlive/2008/texmf-dist/tex/latex/amsfonts/umsb.fd
File: umsb.fd 2002/01/19 v2.2g AMS font definitions
))
\tf@toc=\write5
\openout5 = `thesis.toc'.

pdfTeX warning (ext4): destination with the same identifier (name{page.iii}) ha
s been already used, duplicate ignored
<to be read again> 
                   \relax 
l.152 \listoffigures
                    	% print list of figures [3
\FN@pp@footnotehinttrue 


]pdfTeX warning (ext4): destination with the same identifier (name{page.iv}) ha
s been already used, duplicate ignored
<to be read again> 
                   \relax 
l.152 \listoffigures
                    	% print list of figures [4

] (./thesis.lof)
\tf@lof=\write6
\openout6 = `thesis.lof'.

 [5] [6

]
(./thesis.lot)
\tf@lot=\write7
\openout7 = `thesis.lot'.

 [7]
\openout2 = `0_frontmatter/glossary.aux'.

 (./0_frontmatter/glossary.tex) (./thesis.nls [8


\FN@pp@footnotehinttrue 


]
Underfull \hbox (badness 10000) detected at line 5
[]\OT1/cmr/bx/n/9 DAPI[]
 []


Underfull \hbox (badness 10000) detected at line 7
[]\OT1/cmr/bx/n/9 DEPC[]
 []


Underfull \hbox (badness 10000) in paragraph at lines 7--9
[]\OT1/cmr/m/n/9 diethyl-pyro-carbonate; used to
 []


Underfull \hbox (badness 10000) in paragraph at lines 7--9
\OT1/cmr/m/n/9 re-move RNA-degrading en-zymes
 []


Underfull \hbox (badness 10000) detected at line 9
[]\OT1/cmr/bx/n/9 DMSO[]
 []


Underfull \hbox (badness 10000) detected at line 11
[]\OT1/cmr/bx/n/9 EDTA[]
 []


Underfull \hbox (badness 10000) in paragraph at lines 11--13
[]\OT1/cmr/m/n/9 Ethylene-diamine-tetraacetic acid;
 []

) [9] [10

]
\openout2 = `1_introduction/introduction.aux'.

 (./1_introduction/introduction.tex
 1.
<1_introduction/figures/largepotato.jpg, id=148, 491.8375pt x 291.0875pt>
File: 1_introduction/figures/largepotato.jpg Graphic file (type jpg)

<use 1_introduction/figures/largepotato.jpg>
File: 1_introduction/figures/largepotato.jpg Graphic file (type jpg)

<use 1_introduction/figures/largepotato.jpg>
LaTeX Font Info:    Try loading font information for OMS+cmr on input line 103.


(/usr/local/texlive/2008/texmf-dist/tex/latex/base/omscmr.fd
File: omscmr.fd 1999/05/25 v2.5h Standard LaTeX font definitions
)
LaTeX Font Info:    Font shape `OMS/cmr/m/n' in size <10.95> not available
(Font)              Font shape `OMS/cmsy/m/n' tried instead on input line 103.
 [1


] [2 <./1_introduction/figures/largepotato.jpg>]) [3]
\openout2 = `2/aims.aux'.

 (./2/aims.tex [4



]
 2.
) [5]
\openout2 = `3/XYZ.aux'.


No file 3/XYZ.tex.
\openout2 = `4/XYZ.aux'.

No file 4/XYZ.tex.
\openout2 = `5/XYZ.aux'.

No file 5/XYZ.tex.
\openout2 = `6/XYZ.aux'.

No file 6/XYZ.tex.
\openout2 = `7/discussion.aux'.

(./7/discussion.tex [6











]
 3.
) [7]
\openout2 = `8/materials_methods.aux'.

 (./8/materials_methods.tex [8



]
 4.
) [9] (./thesis.bbl (./thesis.brf)
\tf@brf=\write8
\openout8 = `thesis.brf'.

 [10


])
Overfull \vbox (80.39989pt too high) has occurred while \output is active []


Overfull \vbox (79.39989pt too high) has occurred while \output is active []


Overfull \vbox (78.39989pt too high) has occurred while \output is active []


Overfull \vbox (77.39989pt too high) has occurred while \output is active []


Overfull \vbox (76.39989pt too high) has occurred while \output is active []


Overfull \vbox (75.39989pt too high) has occurred while \output is active []


Overfull \vbox (74.39989pt too high) has occurred while \output is active []


Overfull \vbox (73.39989pt too high) has occurred while \output is active []


Overfull \vbox (72.39989pt too high) has occurred while \output is active []


Overfull \vbox (71.39989pt too high) has occurred while \output is active []


Overfull \vbox (70.39989pt too high) has occurred while \output is active []


Overfull \vbox (69.39989pt too high) has occurred while \output is active []


Overfull \vbox (68.39989pt too high) has occurred while \output is active []


Overfull \vbox (67.39989pt too high) has occurred while \output is active []


Overfull \vbox (66.39989pt too high) has occurred while \output is active []


Overfull \vbox (65.39989pt too high) has occurred while \output is active []


Overfull \vbox (64.39989pt too high) has occurred while \output is active []


Overfull \vbox (63.39989pt too high) has occurred while \output is active []


Overfull \vbox (62.39989pt too high) has occurred while \output is active []


Overfull \vbox (61.39989pt too high) has occurred while \output is active []


Overfull \vbox (60.39989pt too high) has occurred while \output is active []


Overfull \vbox (59.39989pt too high) has occurred while \output is active []


Overfull \vbox (58.39989pt too high) has occurred while \output is active []


Overfull \vbox (57.39989pt too high) has occurred while \output is active []


Overfull \vbox (56.39989pt too high) has occurred while \output is active []


Overfull \vbox (55.39989pt too high) has occurred while \output is active []


Overfull \vbox (54.39989pt too high) has occurred while \output is active []


Overfull \vbox (53.39989pt too high) has occurred while \output is active []


Overfull \vbox (52.39989pt too high) has occurred while \output is active []


Overfull \vbox (51.39989pt too high) has occurred while \output is active []


Overfull \vbox (50.39989pt too high) has occurred while \output is active []


Overfull \vbox (49.39989pt too high) has occurred while \output is active []


Overfull \vbox (48.39989pt too high) has occurred while \output is active []


Overfull \vbox (47.39989pt too high) has occurred while \output is active []


Overfull \vbox (46.39989pt too high) has occurred while \output is active []


Overfull \vbox (45.39989pt too high) has occurred while \output is active []


Overfull \vbox (44.39989pt too high) has occurred while \output is active []


Overfull \vbox (43.39989pt too high) has occurred while \output is active []


Overfull \vbox (42.39989pt too high) has occurred while \output is active []


Overfull \vbox (41.39989pt too high) has occurred while \output is active []


Overfull \vbox (40.39989pt too high) has occurred while \output is active []


Overfull \vbox (39.39989pt too high) has occurred while \output is active []


Overfull \vbox (38.39989pt too high) has occurred while \output is active []


Overfull \vbox (37.39989pt too high) has occurred while \output is active []


Overfull \vbox (36.39989pt too high) has occurred while \output is active []


[11]
\openout2 = `9_backmatter/declaration.aux'.

 (./9_backmatter/declaration.tex [12

]) (./thesis.aux
(./0_frontmatter/abstract.aux) (./0_frontmatter/dedication.aux)
(./0_frontmatter/acknowledgement.aux) (./0_frontmatter/glossary.aux)
(./1_introduction/introduction.aux) (./2/aims.aux) (./3/XYZ.aux) (./4/XYZ.aux)
(./5/XYZ.aux) (./6/XYZ.aux) (./7/discussion.aux) (./8/materials_methods.aux)
(./9_backmatter/declaration.aux))

LaTeX Warning: There were multiply-defined labels.

 ) 
Here is how much of TeX's memory you used:
 6995 strings out of 493876
 103261 string characters out of 1150568
 179964 words of memory out of 3000000
 9984 multiletter control sequences out of 10000+50000
 15450 words of font info for 57 fonts, out of 3000000 for 5000
 714 hyphenation exceptions out of 8191
 43i,11n,45p,423b,460s stack positions out of 5000i,500n,10000p,200000b,50000s
pdfTeX warning (dest): name{table.1.1} has been referenced but does not exist
, replaced by a fixed one

pdfTeX warning (dest): name{figure.1.2} has been referenced but does not exist,
 replaced by a fixed one

pdfTeX warning (dest): name{figure.1.1} has been referenced but does not exist,
 replaced by a fixed one

pdfTeX warning (dest): name{section*.8} has been referenced but does not exist,
 replaced by a fixed one

</usr/local/texlive/2008/texmf-dist/fonts/type1/bluesky/cm/cmbx10.pfb></usr/loc
al/texlive/2008/texmf-dist/fonts/type1/bluesky/cm/cmbx12.pfb></usr/local/texliv
e/2008/texmf-dist/fonts/type1/bluesky/cm/cmbx6.pfb></usr/local/texlive/2008/tex
mf-dist/fonts/type1/bluesky/cm/cmbx9.pfb></usr/local/texlive/2008/texmf-dist/fo
nts/type1/bluesky/cm/cmcsc10.pfb></usr/local/texlive/2008/texmf-dist/fonts/type
1/bluesky/cm/cmmi10.pfb></usr/local/texlive/2008/texmf-dist/fonts/type1/bluesky
/cm/cmr10.pfb></usr/local/texlive/2008/texmf-dist/fonts/type1/bluesky/cm/cmr12.
pfb></usr/local/texlive/2008/texmf-dist/fonts/type1/bluesky/cm/cmr6.pfb></usr/l
ocal/texlive/2008/texmf-dist/fonts/type1/bluesky/cm/cmr9.pfb></usr/local/texliv
e/2008/texmf-dist/fonts/type1/bluesky/cm/cmsy10.pfb></usr/local/texlive/2008/te
xmf-dist/fonts/type1/bluesky/cm/cmti12.pfb></usr/local/texlive/2008/texmf-dist/
fonts/type1/bluesky/cm/cmti7.pfb>
Output written on thesis.pdf (26 pages, 186981 bytes).
PDF statistics:
 269 PDF objects out of 1000 (max. 8388607)
 48 named destinations out of 1000 (max. 131072)
 119 words of extra memory for PDF output out of 10000 (max. 10000000)

